<?xml version="1.0" encoding="UTF-8"?>
<testng-results ignored="0" total="1" passed="1" failed="0" skipped="0">
  <reporter-output>
  </reporter-output>
  <suite started-at="2024-05-28T13:44:34 IST" name="Default suite" finished-at="2024-05-28T13:44:45 IST" duration-ms="11620">
    <groups>
    </groups>
    <test started-at="2024-05-28T13:44:34 IST" name="Default test" finished-at="2024-05-28T13:44:45 IST" duration-ms="11620">
      <class name="rest_assured.gitRepo">
        <test-method signature="createANewRepo()[pri:0, instance:rest_assured.gitRepo@6404f418]" started-at="2024-05-28T13:44:34 IST" name="createANewRepo" finished-at="2024-05-28T13:44:45 IST" duration-ms="11393" status="PASS">
          <reporter-output>
          </reporter-output>
        </test-method> <!-- createANewRepo -->
      </class> <!-- rest_assured.gitRepo -->
    </test> <!-- Default test -->
  </suite> <!-- Default suite -->
</testng-results>
